[2021-11-04 00:57:22,932] [INFO] [app.py] [app] app started!!!
[2021-11-04 00:57:26,673] [INFO] [app.py] [app] the run will be in !!! TEST !!! mode executed
[2021-11-04 00:57:26,673] [INFO] [app.py] [app] the file /Users/fatalerrortxl/Desktop/config.ini is being used as api config!!!
[2021-11-04 00:57:27,232] [INFO] [app.py] {'asset': 'BNB', 'free': '0.00002050', 'locked': '0.00000000'}
[2021-11-04 00:57:27,233] [INFO] [app.py] {'asset': 'USDT', 'free': '0.44844395', 'locked': '0.00000000'}
[2021-11-04 00:57:27,233] [INFO] [app.py] {'asset': 'MANA', 'free': '806.30700000', 'locked': '0.00000000'}
[2021-11-04 00:57:27,233] [INFO] [app.py] {'asset': 'DOGE', 'free': '40034.69020000', 'locked': '0.00000000'}
[2021-11-04 00:57:27,233] [INFO] [app.py] {'asset': 'FIL', 'free': '44.42836000', 'locked': '0.00000000'}
[2021-11-04 00:57:27,233] [INFO] [app.py] {'asset': 'ICP', 'free': '12.11797000', 'locked': '0.00000000'}
[2021-11-04 00:57:27,590] [INFO] [app.py] [app] the file rules/test.json is being used as trade rule!!!
[2021-11-04 00:58:59,362] [INFO] [app.py] [app] app started!!!
[2021-11-04 00:59:01,049] [INFO] [app.py] [app] the run will be in !!! TEST !!! mode executed
[2021-11-04 00:59:01,049] [INFO] [app.py] [app] the file /Users/fatalerrortxl/Desktop/config.ini is being used as api config!!!
[2021-11-04 00:59:01,545] [INFO] [app.py] {'asset': 'BNB', 'free': '0.00002050', 'locked': '0.00000000'}
[2021-11-04 00:59:01,545] [INFO] [app.py] {'asset': 'USDT', 'free': '0.44844395', 'locked': '0.00000000'}
[2021-11-04 00:59:01,545] [INFO] [app.py] {'asset': 'MANA', 'free': '806.30700000', 'locked': '0.00000000'}
[2021-11-04 00:59:01,546] [INFO] [app.py] {'asset': 'DOGE', 'free': '40034.69020000', 'locked': '0.00000000'}
[2021-11-04 00:59:01,546] [INFO] [app.py] {'asset': 'FIL', 'free': '44.42836000', 'locked': '0.00000000'}
[2021-11-04 00:59:01,546] [INFO] [app.py] {'asset': 'ICP', 'free': '12.11797000', 'locked': '0.00000000'}
[2021-11-04 00:59:01,801] [INFO] [app.py] [app] the file rules/test.json is being used as trade rule!!!
[2021-11-04 00:59:05,079] [WARNING] [app.py] [buy] All preset prices have been triggered.
[2021-11-04 01:04:11,416] [INFO] [app.py] [app] app started!!!
[2021-11-04 01:04:13,138] [INFO] [app.py] [app] the run will be in !!! TEST !!! mode executed
[2021-11-04 01:04:13,138] [INFO] [app.py] [app] the file /Users/fatalerrortxl/Desktop/config.ini is being used as api config!!!
[2021-11-04 01:04:13,542] [INFO] [app.py] {'asset': 'BNB', 'free': '0.00002050', 'locked': '0.00000000'}
[2021-11-04 01:04:13,542] [INFO] [app.py] {'asset': 'USDT', 'free': '0.44844395', 'locked': '0.00000000'}
[2021-11-04 01:04:13,543] [INFO] [app.py] {'asset': 'MANA', 'free': '806.30700000', 'locked': '0.00000000'}
[2021-11-04 01:04:13,543] [INFO] [app.py] {'asset': 'DOGE', 'free': '40034.69020000', 'locked': '0.00000000'}
[2021-11-04 01:04:13,543] [INFO] [app.py] {'asset': 'FIL', 'free': '44.42836000', 'locked': '0.00000000'}
[2021-11-04 01:04:13,543] [INFO] [app.py] {'asset': 'ICP', 'free': '12.11797000', 'locked': '0.00000000'}
[2021-11-04 01:04:13,973] [INFO] [app.py] [app] the file rules/test.json is being used as trade rule!!!
[2021-11-04 01:08:24,932] [INFO] [app.py] [app] app started!!!
[2021-11-04 01:08:26,469] [INFO] [app.py] [app] the run will be in !!! TEST !!! mode executed
[2021-11-04 01:08:26,470] [INFO] [app.py] [app] the file /Users/fatalerrortxl/Desktop/config.ini is being used as api config!!!
[2021-11-04 01:08:27,108] [INFO] [app.py] {'asset': 'BNB', 'free': '0.00002050', 'locked': '0.00000000'}
[2021-11-04 01:08:27,108] [INFO] [app.py] {'asset': 'USDT', 'free': '0.44844395', 'locked': '0.00000000'}
[2021-11-04 01:08:27,108] [INFO] [app.py] {'asset': 'MANA', 'free': '806.30700000', 'locked': '0.00000000'}
[2021-11-04 01:08:27,108] [INFO] [app.py] {'asset': 'DOGE', 'free': '40034.69020000', 'locked': '0.00000000'}
[2021-11-04 01:08:27,108] [INFO] [app.py] {'asset': 'FIL', 'free': '44.42836000', 'locked': '0.00000000'}
[2021-11-04 01:08:27,109] [INFO] [app.py] {'asset': 'ICP', 'free': '12.11797000', 'locked': '0.00000000'}
[2021-11-04 01:08:27,367] [INFO] [app.py] [app] the file rules/test.json is being used as trade rule!!!
[2021-11-04 01:08:28,696] [WARNING] [app.py] [buy] All preset prices have been triggered.
[2021-11-04 01:59:34,026] [INFO] [app.py] [app] app started!!!
[2021-11-04 01:59:35,453] [INFO] [app.py] [app] the run will be in !!! TEST !!! mode executed
[2021-11-04 01:59:35,454] [INFO] [app.py] [app] the file /Users/fatalerrortxl/Desktop/config.ini is being used as api config!!!
[2021-11-04 01:59:35,924] [INFO] [app.py] {'asset': 'BNB', 'free': '0.00002050', 'locked': '0.00000000'}
[2021-11-04 01:59:35,924] [INFO] [app.py] {'asset': 'USDT', 'free': '0.44844395', 'locked': '0.00000000'}
[2021-11-04 01:59:35,924] [INFO] [app.py] {'asset': 'MANA', 'free': '806.30700000', 'locked': '0.00000000'}
[2021-11-04 01:59:35,925] [INFO] [app.py] {'asset': 'DOGE', 'free': '40034.69020000', 'locked': '0.00000000'}
[2021-11-04 01:59:35,925] [INFO] [app.py] {'asset': 'FIL', 'free': '44.42836000', 'locked': '0.00000000'}
[2021-11-04 01:59:35,925] [INFO] [app.py] {'asset': 'ICP', 'free': '12.11797000', 'locked': '0.00000000'}
[2021-11-04 01:59:36,330] [INFO] [app.py] [app] the file rules/test.json is being used as trade rule!!!
[2021-11-04 01:59:38,440] [INFO] [app.py] [buy] current usdt {} usdt. the buy function is being launching.
[2021-11-04 02:11:07,907] [INFO] [app.py] [app] app started!!!
[2021-11-04 02:11:10,421] [INFO] [app.py] [app] the run will be in !!! TEST !!! mode executed
[2021-11-04 02:11:10,422] [INFO] [app.py] [app] the file /Users/fatalerrortxl/Desktop/config.ini is being used as api config!!!
[2021-11-04 02:11:11,154] [INFO] [app.py] {'asset': 'BNB', 'free': '0.00002050', 'locked': '0.00000000'}
[2021-11-04 02:11:11,154] [INFO] [app.py] {'asset': 'USDT', 'free': '0.44844395', 'locked': '0.00000000'}
[2021-11-04 02:11:11,155] [INFO] [app.py] {'asset': 'MANA', 'free': '806.30700000', 'locked': '0.00000000'}
[2021-11-04 02:11:11,155] [INFO] [app.py] {'asset': 'DOGE', 'free': '40034.69020000', 'locked': '0.00000000'}
[2021-11-04 02:11:11,155] [INFO] [app.py] {'asset': 'FIL', 'free': '44.42836000', 'locked': '0.00000000'}
[2021-11-04 02:11:11,155] [INFO] [app.py] {'asset': 'ICP', 'free': '12.11797000', 'locked': '0.00000000'}
[2021-11-04 02:11:11,541] [INFO] [app.py] [app] the file rules/test.json is being used as trade rule!!!
[2021-11-04 02:11:13,560] [INFO] [app.py] [buy] current usdt {} usdt. the buy function is being launching.
[2021-11-04 02:14:21,004] [INFO] [app.py] [app] app started!!!
[2021-11-04 02:14:22,661] [INFO] [app.py] [app] the run will be in !!! TEST !!! mode executed
[2021-11-04 02:14:22,661] [INFO] [app.py] [app] the file /Users/fatalerrortxl/Desktop/config.ini is being used as api config!!!
[2021-11-04 02:14:23,163] [INFO] [app.py] {'asset': 'BNB', 'free': '0.00002050', 'locked': '0.00000000'}
[2021-11-04 02:14:23,163] [INFO] [app.py] {'asset': 'USDT', 'free': '0.44844395', 'locked': '0.00000000'}
[2021-11-04 02:14:23,163] [INFO] [app.py] {'asset': 'MANA', 'free': '806.30700000', 'locked': '0.00000000'}
[2021-11-04 02:14:23,164] [INFO] [app.py] {'asset': 'DOGE', 'free': '40034.69020000', 'locked': '0.00000000'}
[2021-11-04 02:14:23,164] [INFO] [app.py] {'asset': 'FIL', 'free': '44.42836000', 'locked': '0.00000000'}
[2021-11-04 02:14:23,164] [INFO] [app.py] {'asset': 'ICP', 'free': '12.11797000', 'locked': '0.00000000'}
[2021-11-04 02:14:23,421] [INFO] [app.py] [app] the file rules/test.json is being used as trade rule!!!
[2021-11-04 02:14:34,492] [INFO] [app.py] [app] app started!!!
[2021-11-04 02:14:36,263] [INFO] [app.py] [app] the run will be in !!! TEST !!! mode executed
[2021-11-04 02:14:36,263] [INFO] [app.py] [app] the file /Users/fatalerrortxl/Desktop/config.ini is being used as api config!!!
[2021-11-04 02:14:36,760] [INFO] [app.py] {'asset': 'BNB', 'free': '0.00002050', 'locked': '0.00000000'}
[2021-11-04 02:14:36,760] [INFO] [app.py] {'asset': 'USDT', 'free': '0.44844395', 'locked': '0.00000000'}
[2021-11-04 02:14:36,761] [INFO] [app.py] {'asset': 'MANA', 'free': '806.30700000', 'locked': '0.00000000'}
[2021-11-04 02:14:36,761] [INFO] [app.py] {'asset': 'DOGE', 'free': '40034.69020000', 'locked': '0.00000000'}
[2021-11-04 02:14:36,761] [INFO] [app.py] {'asset': 'FIL', 'free': '44.42836000', 'locked': '0.00000000'}
[2021-11-04 02:14:36,761] [INFO] [app.py] {'asset': 'ICP', 'free': '12.11797000', 'locked': '0.00000000'}
[2021-11-04 02:14:37,189] [INFO] [app.py] [app] the file rules/test.json is being used as trade rule!!!
[2021-11-04 02:15:24,166] [INFO] [app.py] [app] app started!!!
[2021-11-04 02:15:25,638] [INFO] [app.py] [app] the run will be in !!! TEST !!! mode executed
[2021-11-04 02:15:25,638] [INFO] [app.py] [app] the file /Users/fatalerrortxl/Desktop/config.ini is being used as api config!!!
[2021-11-04 02:15:26,550] [INFO] [app.py] {'asset': 'BNB', 'free': '0.00002050', 'locked': '0.00000000'}
[2021-11-04 02:15:26,551] [INFO] [app.py] {'asset': 'USDT', 'free': '0.44844395', 'locked': '0.00000000'}
[2021-11-04 02:15:26,551] [INFO] [app.py] {'asset': 'MANA', 'free': '806.30700000', 'locked': '0.00000000'}
[2021-11-04 02:15:26,551] [INFO] [app.py] {'asset': 'DOGE', 'free': '40034.69020000', 'locked': '0.00000000'}
[2021-11-04 02:15:26,551] [INFO] [app.py] {'asset': 'FIL', 'free': '44.42836000', 'locked': '0.00000000'}
[2021-11-04 02:15:26,551] [INFO] [app.py] {'asset': 'ICP', 'free': '12.11797000', 'locked': '0.00000000'}
[2021-11-04 02:15:26,806] [INFO] [app.py] [app] the file rules/test.json is being used as trade rule!!!
[2021-11-04 02:15:28,188] [INFO] [app.py] [buy] current usdt remain 0.44844395 usdt is lower than 10 usdt. the buy function will not be executed until sell orders are placed.
[2021-11-04 03:09:26,885] [INFO] [app.py] [app] app started!!!
[2021-11-04 03:09:28,330] [INFO] [app.py] [app] the run will be in !!! TEST !!! mode executed
[2021-11-04 03:09:28,331] [INFO] [app.py] [app] the file /Users/fatalerrortxl/Desktop/config.ini is being used as api config!!!
[2021-11-04 03:09:28,784] [INFO] [app.py] {'asset': 'BNB', 'free': '0.00002050', 'locked': '0.00000000'}
[2021-11-04 03:09:28,785] [INFO] [app.py] {'asset': 'USDT', 'free': '0.44844395', 'locked': '0.00000000'}
[2021-11-04 03:09:28,785] [INFO] [app.py] {'asset': 'MANA', 'free': '806.30700000', 'locked': '0.00000000'}
[2021-11-04 03:09:28,785] [INFO] [app.py] {'asset': 'DOGE', 'free': '40034.69020000', 'locked': '0.00000000'}
[2021-11-04 03:09:28,785] [INFO] [app.py] {'asset': 'FIL', 'free': '44.42836000', 'locked': '0.00000000'}
[2021-11-04 03:09:28,785] [INFO] [app.py] {'asset': 'ICP', 'free': '12.11797000', 'locked': '0.00000000'}
[2021-11-04 03:09:29,038] [INFO] [app.py] [app] the file rules/test.json is being used as trade rule!!!
[2021-11-04 03:09:30,559] [INFO] [app.py] [buy] current usdt remain 0.44844395 usdt is lower than 10 usdt. the buy function will not be executed until sell orders are placed, reloading usdt remain in 60 sec
[2021-11-04 03:10:22,285] [INFO] [app.py] [app] app started!!!
[2021-11-04 03:10:23,904] [INFO] [app.py] [app] the run will be in !!! TEST !!! mode executed
[2021-11-04 03:10:23,904] [INFO] [app.py] [app] the file /Users/fatalerrortxl/Desktop/config.ini is being used as api config!!!
[2021-11-04 03:10:24,223] [INFO] [app.py] {'asset': 'BNB', 'free': '0.00002050', 'locked': '0.00000000'}
[2021-11-04 03:10:24,224] [INFO] [app.py] {'asset': 'USDT', 'free': '0.44844395', 'locked': '0.00000000'}
[2021-11-04 03:10:24,224] [INFO] [app.py] {'asset': 'MANA', 'free': '806.30700000', 'locked': '0.00000000'}
[2021-11-04 03:10:24,224] [INFO] [app.py] {'asset': 'DOGE', 'free': '40034.69020000', 'locked': '0.00000000'}
[2021-11-04 03:10:24,224] [INFO] [app.py] {'asset': 'FIL', 'free': '44.42836000', 'locked': '0.00000000'}
[2021-11-04 03:10:24,224] [INFO] [app.py] {'asset': 'ICP', 'free': '12.11797000', 'locked': '0.00000000'}
[2021-11-04 03:10:24,523] [INFO] [app.py] [app] the file rules/test.json is being used as trade rule!!!
[2021-11-04 03:10:25,758] [INFO] [app.py] [buy] current usdt 100000000 usdt. the buy function is being launching.
[2021-11-04 03:10:29,393] [INFO] [app.py] [app] app started!!!
[2021-11-04 03:10:30,949] [INFO] [app.py] [app] the run will be in !!! TEST !!! mode executed
[2021-11-04 03:10:30,950] [INFO] [app.py] [app] the file /Users/fatalerrortxl/Desktop/config.ini is being used as api config!!!
[2021-11-04 03:10:31,331] [INFO] [app.py] {'asset': 'BNB', 'free': '0.00002050', 'locked': '0.00000000'}
[2021-11-04 03:10:31,332] [INFO] [app.py] {'asset': 'USDT', 'free': '0.44844395', 'locked': '0.00000000'}
[2021-11-04 03:10:31,332] [INFO] [app.py] {'asset': 'MANA', 'free': '806.30700000', 'locked': '0.00000000'}
[2021-11-04 03:10:31,332] [INFO] [app.py] {'asset': 'DOGE', 'free': '40034.69020000', 'locked': '0.00000000'}
[2021-11-04 03:10:31,332] [INFO] [app.py] {'asset': 'FIL', 'free': '44.42836000', 'locked': '0.00000000'}
[2021-11-04 03:10:31,332] [INFO] [app.py] {'asset': 'ICP', 'free': '12.11797000', 'locked': '0.00000000'}
[2021-11-04 03:10:31,597] [INFO] [app.py] [app] the file rules/test.json is being used as trade rule!!!
[2021-11-04 03:10:33,129] [INFO] [app.py] [buy] current usdt 100000000 usdt. the buy function is being launching.
[2021-11-04 03:11:05,748] [INFO] [app.py] [app] app started!!!
[2021-11-04 03:11:07,143] [INFO] [app.py] [app] the run will be in !!! TEST !!! mode executed
[2021-11-04 03:11:07,143] [INFO] [app.py] [app] the file /Users/fatalerrortxl/Desktop/config.ini is being used as api config!!!
[2021-11-04 03:11:07,535] [INFO] [app.py] {'asset': 'BNB', 'free': '0.00002050', 'locked': '0.00000000'}
[2021-11-04 03:11:07,535] [INFO] [app.py] {'asset': 'USDT', 'free': '0.44844395', 'locked': '0.00000000'}
[2021-11-04 03:11:07,535] [INFO] [app.py] {'asset': 'MANA', 'free': '806.30700000', 'locked': '0.00000000'}
[2021-11-04 03:11:07,535] [INFO] [app.py] {'asset': 'DOGE', 'free': '40034.69020000', 'locked': '0.00000000'}
[2021-11-04 03:11:07,535] [INFO] [app.py] {'asset': 'FIL', 'free': '44.42836000', 'locked': '0.00000000'}
[2021-11-04 03:11:07,536] [INFO] [app.py] {'asset': 'ICP', 'free': '12.11797000', 'locked': '0.00000000'}
[2021-11-04 03:11:07,840] [INFO] [app.py] [app] the file rules/test.json is being used as trade rule!!!
[2021-11-04 03:11:08,782] [INFO] [app.py] [buy] current usdt 100000000 usdt. the buy function is being launching.
[2021-11-04 03:11:08,782] [INFO] [app.py] [buy] Current Buy Rule in USE! - when the high price 50000 usdt will be double triggered in the interval high 50000 ~ low 40000, the following buy orders will be executed!
[2021-11-04 03:11:08,782] [INFO] [app.py] [buy] -> 25.0 % of usdt will be used to buy doge
[2021-11-04 03:14:14,185] [INFO] [app.py] [app] app started!!!
[2021-11-04 03:14:16,068] [INFO] [app.py] [app] the run will be in !!! TEST !!! mode executed
[2021-11-04 03:14:16,068] [INFO] [app.py] [app] the file /Users/fatalerrortxl/Desktop/config.ini is being used as api config!!!
[2021-11-04 03:14:16,571] [INFO] [app.py] {'asset': 'BNB', 'free': '0.00002050', 'locked': '0.00000000'}
[2021-11-04 03:14:16,572] [INFO] [app.py] {'asset': 'USDT', 'free': '0.44844395', 'locked': '0.00000000'}
[2021-11-04 03:14:16,572] [INFO] [app.py] {'asset': 'MANA', 'free': '806.30700000', 'locked': '0.00000000'}
[2021-11-04 03:14:16,572] [INFO] [app.py] {'asset': 'DOGE', 'free': '40034.69020000', 'locked': '0.00000000'}
[2021-11-04 03:14:16,572] [INFO] [app.py] {'asset': 'FIL', 'free': '44.42836000', 'locked': '0.00000000'}
[2021-11-04 03:14:16,572] [INFO] [app.py] {'asset': 'ICP', 'free': '12.11797000', 'locked': '0.00000000'}
[2021-11-04 03:14:16,982] [INFO] [app.py] [app] the file rules/test.json is being used as trade rule!!!
[2021-11-04 03:14:17,772] [INFO] [app.py] [buy] current usdt 100000000 usdt. the buy function is being launching.
[2021-11-04 03:14:17,773] [INFO] [app.py] [buy] Current Buy Rule in USE! - when the high price 70000 usdt will be double triggered in the interval high 70000 ~ low 60000, the following buy orders will be executed!
[2021-11-04 03:14:17,773] [INFO] [app.py] [buy] -> 25.0 % of usdt will be used to buy doge
[2021-11-04 03:14:17,773] [INFO] [app.py] [buy] -> 25.0 % of usdt will be used to buy vet
[2021-11-04 03:14:17,773] [INFO] [app.py] [buy] -> 25.0 % of usdt will be used to buy mana
